<?xml version="1.0" encoding="UTF-8"?>
<testsuite xmlns:xsi="http://www.w3.org/2001/XMLSchema-instance" xsi:noNamespaceSchemaLocation="https://maven.apache.org/surefire/maven-surefire-plugin/xsd/surefire-test-report.xsd" name="TestSuite" time="4.492" tests="2" errors="0" skipped="0" failures="2">
  <properties>
[...]
</properties>
  <testcase name="Test" classname="iOSTest.TestApp" time="2.629">
    <failure message="An unknown server-side error occurred while processing the command. Original error: Could not determine Xcode version: Could not get Xcode version. /Library/Developer/Info.plist does not exist on disk.&#10;Build info: version: &apos;3.11.0&apos;, revision: &apos;e59cfb3&apos;, time: &apos;2018-03-11T20:26:55.152Z&apos;&#10;System info: host: &apos;Mac.local&apos;, ip: &apos;fe80:0:0:0:83c:abf6:50f6:84db%en0&apos;, os.name: &apos;Mac OS X&apos;, os.arch: &apos;x86_64&apos;, os.version: &apos;10.13.6&apos;, java.version: &apos;1.8.0_65&apos;&#10;Driver info: driver.version: IOSDriver&#10;remote stacktrace: UnknownError: An unknown server-side error occurred while processing the command. Original error: Could not determine Xcode version: Could not get Xcode version. /Library/Developer/Info.plist does not exist on disk.&#10;    at getResponseForW3CError (/Applications/Appium.app/Contents/Resources/app/node_modules/appium/node_modules/appium-base-driver/lib/protocol/errors.js:824:9)&#10;    at asyncHandler$ (/Applications/Appium.app/Contents/Resources/app/node_modules/appium/node_modules/appium-base-driver/lib/protocol/protocol.js:375:37)&#10;    at tryCatch (/Applications/Appium.app/Contents/Resources/app/node_modules/appium/node_modules/babel-runtime/regenerator/runtime.js:67:40)&#10;    at GeneratorFunctionPrototype.invoke [as _invoke] (/Applications/Appium.app/Contents/Resources/app/node_modules/appium/node_modules/babel-runtime/regenerator/runtime.js:315:22)&#10;    at GeneratorFunctionPrototype.prototype.(anonymous function) [as next] (/Applications/Appium.app/Contents/Resources/app/node_modules/appium/node_modules/babel-runtime/regenerator/runtime.js:100:21)&#10;    at GeneratorFunctionPrototype.invoke (/Applications/Appium.app/Contents/Resources/app/node_modules/appium/node_modules/babel-runtime/regenerator/runtime.js:136:37)&#10;    at &lt;anonymous&gt;" type="org.openqa.selenium.WebDriverException"><![CDATA[org.openqa.selenium.WebDriverException: 
An unknown server-side error occurred while processing the command. Original error: Could not determine Xcode version: Could not get Xcode version. /Library/Developer/Info.plist does not exist on disk.
Build info: version: '3.11.0', revision: 'e59cfb3', time: '2018-03-11T20:26:55.152Z'
System info: host: 'Mac.local', ip: 'fe80:0:0:0:83c:abf6:50f6:84db%en0', os.name: 'Mac OS X', os.arch: 'x86_64', os.version: '10.13.6', java.version: '1.8.0_65'
Driver info: driver.version: IOSDriver
remote stacktrace: UnknownError: An unknown server-side error occurred while processing the command. Original error: Could not determine Xcode version: Could not get Xcode version. /Library/Developer/Info.plist does not exist on disk.
    at getResponseForW3CError (/Applications/Appium.app/Contents/Resources/app/node_modules/appium/node_modules/appium-base-driver/lib/protocol/errors.js:824:9)
    at asyncHandler$ (/Applications/Appium.app/Contents/Resources/app/node_modules/appium/node_modules/appium-base-driver/lib/protocol/protocol.js:375:37)
    at tryCatch (/Applications/Appium.app/Contents/Resources/app/node_modules/appium/node_modules/babel-runtime/regenerator/runtime.js:67:40)
    at GeneratorFunctionPrototype.invoke [as _invoke] (/Applications/Appium.app/Contents/Resources/app/node_modules/appium/node_modules/babel-runtime/regenerator/runtime.js:315:22)
    at GeneratorFunctionPrototype.prototype.(anonymous function) [as next] (/Applications/Appium.app/Contents/Resources/app/node_modules/appium/node_modules/babel-runtime/regenerator/runtime.js:100:21)
    at GeneratorFunctionPrototype.invoke (/Applications/Appium.app/Contents/Resources/app/node_modules/appium/node_modules/babel-runtime/regenerator/runtime.js:136:37)
    at <anonymous>
	at iOSTest.TestApp.Test(TestApp.java:13)
]]></failure>
  </testcase>
  <testcase name="TearDown" classname="iOSTest.TestApp" time="2.631">
    <failure type="java.lang.NullPointerException">java.lang.NullPointerException
	at iOSTest.TestApp.TearDown(TestApp.java:19)
</failure>
  </testcase>
</testsuite>